2009-05-26 13:21:39 Notice: Notice (8): Undefined variable: companies in [APP/views/contracts/edit.ctp, line 15]
2009-05-26 13:23:46 Notice: Notice (8): Undefined variable: companies in [APP/views/contracts/edit.ctp, line 15]
2009-05-26 13:24:20 Notice: Notice (8): Undefined variable: companies in [APP/views/contracts/edit.ctp, line 15]
2009-05-26 13:33:48 Notice: Notice (8): Undefined variable: companies in [APP/views/contracts/edit.ctp, line 15]
2009-05-26 13:41:26 Notice: Notice (8): Undefined variable: companies in [APP/views/contracts/edit.ctp, line 15]
2009-05-26 14:19:28 Notice: Notice (8): Undefined variable: theContracts in [APP/views/elements/contractsList.ctp, line 2]
2009-05-26 14:21:21 Notice: Notice (8): Undefined variable: contracts in [APP/views/contracts/not_paid.ctp, line 7]
2009-05-26 14:32:54 Notice: Notice (8): Undefined property: CompaniesController::$Contract in [APP/controllers/companies_controller.php, line 48]
2009-05-26 14:33:33 Notice: Notice (8): Undefined property: CompaniesController::$Cοmpany in [APP/controllers/companies_controller.php, line 48]
2009-05-27 09:12:51 Notice: Notice (8): Undefined variable: numPaid in [APP/views/elements/tableStatistics.ctp, line 6]
2009-05-27 09:12:51 Notice: Notice (8): Undefined variable: sumPaid in [APP/views/elements/tableStatistics.ctp, line 7]
2009-05-27 09:12:51 Notice: Notice (8): Undefined variable: numOwed in [APP/views/elements/tableStatistics.ctp, line 11]
2009-05-27 09:12:51 Notice: Notice (8): Undefined variable: sumOwed in [APP/views/elements/tableStatistics.ctp, line 12]
2009-05-27 09:15:33 Notice: Notice (8): Undefined variable: contracts in [APP/views/contracts/totals.ctp, line 7]
2009-05-27 09:36:45 Notice: Notice (8): Use of undefined constant Session - assumed 'Session' in [APP/controllers/contracts_controller.php, line 99]
2009-05-27 09:47:31 Notice: Notice (8): A session had already been started - ignoring session_start() in [APP/controllers/contracts_controller.php, line 99]
2009-05-27 09:49:09 Notice: Notice (8): Use of undefined constant session_id - assumed 'session_id' in [APP/controllers/contracts_controller.php, line 99]
2009-05-27 13:33:10 Notice: Notice (8): Undefined variable: app in [APP/controllers/contracts_controller.php, line 99]
2009-05-27 13:33:10 Notice: Notice (8): Trying to get property of non-object in [APP/controllers/contracts_controller.php, line 99]
2009-05-27 13:59:30 Notice: Notice (8): Undefined property: ContractsController::$app in [APP/controllers/contracts_controller.php, line 97]
2009-05-27 14:34:23 Notice: Notice (8): Undefined property: ContractsController::$path in [APP/controllers/contracts_controller.php, line 97]
2009-05-29 18:37:55 Notice: Notice (8): Undefined property: ContractsController::$path in [APP/controllers/contracts_controller.php, line 97]
2009-05-29 18:37:55 Notice: Notice (8): Undefined property: ContractsController::$path in [APP/controllers/contracts_controller.php, line 97]
2009-05-30 00:57:40 Notice: Notice (8): Undefined variable: companyId in [APP/controllers/companies_controller.php, line 18]
2009-05-30 00:57:40 Notice: Notice (8): Undefined variable: companyId in [APP/controllers/companies_controller.php, line 18]
2009-05-30 01:05:50 Notice: Notice (8): Undefined index:  telephone in [APP/views/companies/view.ctp, line 8]
2009-05-30 01:10:56 Notice: Notice (8): Undefined variable: companies in [APP/views/contracts/search.ctp, line 15]
2009-05-30 01:11:53 Notice: Notice (8): Undefined variable: contractId in [APP/controllers/contracts_controller.php, line 39]
2009-05-30 01:11:57 Notice: Notice (8): Undefined variable: contractId in [APP/controllers/contracts_controller.php, line 39]
2009-05-30 01:13:31 Notice: Notice (8): Undefined variable: companies in [APP/views/contracts/search.ctp, line 15]
2009-05-30 01:17:00 Notice: Notice (8): Undefined variable: thos in [APP/controllers/contracts_controller.php, line 29]
2009-05-30 01:17:00 Notice: Notice (8): Trying to get property of non-object in [APP/controllers/contracts_controller.php, line 29]
2009-05-30 01:36:45 Notice: Notice (8): Undefined index:  telephone in [APP/views/companies/view.ctp, line 8]
