2009-05-26 13:33:48 Warning: Warning (2): Missing argument 1 for ContractsController::edit(), called in /var/www/insurance/cake/libs/object.php on line 115 and defined in [APP/controllers/contracts_controller.php, line 18]
2009-05-26 13:33:48 Warning: Warning (512): <span style = "color:Red;text-align:left"><b>SQL Error:</b> 1048: Column 'amount' cannot be null</span> in [CORE/cake/libs/model/datasources/dbo_source.php, line 525]
2009-05-26 13:47:31 Warning: Warning (512): <span style = "color:Red;text-align:left"><b>SQL Error:</b> 1054: Unknown column 'Contract.lastName' in 'order clause'</span> in [CORE/cake/libs/model/datasources/dbo_source.php, line 525]
2009-05-26 13:47:31 Warning: Warning (2): Invalid argument supplied for foreach() in [APP/views/companies/index.ctp, line 9]
2009-05-26 14:19:28 Warning: Warning (2): Invalid argument supplied for foreach() in [APP/views/elements/contractsList.ctp, line 2]
2009-05-26 14:21:21 Warning: Warning (2): Invalid argument supplied for foreach() in [APP/views/elements/contractsList.ctp, line 2]
2009-05-26 14:29:23 Warning: Warning (2): Cannot modify header information - headers already sent by (output started at /var/www/insurance/app/controllers/companies_controller.php:80) in [CORE/cake/libs/controller/controller.php, line 640]
2009-05-26 14:30:38 Warning: Warning (2): Cannot modify header information - headers already sent by (output started at /var/www/insurance/app/controllers/companies_controller.php:82) in [CORE/cake/libs/controller/controller.php, line 640]
2009-05-27 09:15:33 Warning: Warning (2): Invalid argument supplied for foreach() in [APP/views/elements/tableStatistics.ctp, line 4]
2009-05-27 09:50:35 Warning: Warning (512): <span style = "color:Red;text-align:left"><b>SQL Error:</b> 1045: Access denied for user 'usr_insurance'@'localhost' (using password: YES)</span> in [CORE/cake/libs/model/datasources/dbo_source.php, line 525]
2009-05-27 10:06:02 Warning: Warning (512): <span style = "color:Red;text-align:left"><b>SQL Error:</b> 1045: Access denied for user 'usr_insurance'@'localhost' (using password: YES)</span> in [CORE/cake/libs/model/datasources/dbo_source.php, line 525]
2009-05-27 10:12:45 Warning: Warning (512): <span style = "color:Red;text-align:left"><b>SQL Error:</b> 1086: File 'a1.sql' already exists</span> in [CORE/cake/libs/model/datasources/dbo_source.php, line 525]
2009-05-27 10:20:12 Warning: Warning (512): <span style = "color:Red;text-align:left"><b>SQL Error:</b> 1086: File 'a1.sql' already exists</span> in [CORE/cake/libs/model/datasources/dbo_source.php, line 525]
2009-05-27 10:20:30 Warning: Warning (512): <span style = "color:Red;text-align:left"><b>SQL Error:</b> 1086: File 'a1.sql' already exists</span> in [CORE/cake/libs/model/datasources/dbo_source.php, line 525]
2009-05-27 10:48:46 Warning: Warning (512): <span style = "color:Red;text-align:left"><b>SQL Error:</b> 1: Can't create/write to file '/var/www/insurance/a1.sql' (Errcode: 13)</span> in [CORE/cake/libs/model/datasources/dbo_source.php, line 525]
2009-05-27 10:49:06 Warning: Warning (512): <span style = "color:Red;text-align:left"><b>SQL Error:</b> 1086: File 'a1.sql' already exists</span> in [CORE/cake/libs/model/datasources/dbo_source.php, line 525]
2009-05-27 10:58:52 Warning: Warning (512): <span style = "color:Red;text-align:left"><b>SQL Error:</b> 1086: File 'a1.sql' already exists</span> in [CORE/cake/libs/model/datasources/dbo_source.php, line 525]
2009-05-27 13:33:10 Warning: Warning (512): <span style = "color:Red;text-align:left"><b>SQL Error:</b> 1086: File 'a1.sql' already exists</span> in [CORE/cake/libs/model/datasources/dbo_source.php, line 525]
2009-05-27 13:33:20 Warning: Warning (512): <span style = "color:Red;text-align:left"><b>SQL Error:</b> 1086: File 'a1.sql' already exists</span> in [CORE/cake/libs/model/datasources/dbo_source.php, line 525]
2009-05-27 13:57:25 Warning: Warning (512): <span style = "color:Red;text-align:left"><b>SQL Error:</b> 1086: File 'a1.sql' already exists</span> in [CORE/cake/libs/model/datasources/dbo_source.php, line 525]
2009-05-27 13:57:52 Warning: Warning (512): <span style = "color:Red;text-align:left"><b>SQL Error:</b> 1086: File 'a1.sql' already exists</span> in [CORE/cake/libs/model/datasources/dbo_source.php, line 525]
2009-05-27 13:58:02 Warning: Warning (512): <span style = "color:Red;text-align:left"><b>SQL Error:</b> 1086: File 'a1.sql' already exists</span> in [CORE/cake/libs/model/datasources/dbo_source.php, line 525]
2009-05-27 13:58:13 Warning: Warning (512): <span style = "color:Red;text-align:left"><b>SQL Error:</b> 1086: File 'a1.sql' already exists</span> in [CORE/cake/libs/model/datasources/dbo_source.php, line 525]
2009-05-27 13:58:23 Warning: Warning (512): <span style = "color:Red;text-align:left"><b>SQL Error:</b> 1: Can't create/write to file '/var/www/insurance/app/webroot/a1.sql' (Errcode: 13)</span> in [CORE/cake/libs/model/datasources/dbo_source.php, line 525]
2009-05-27 13:59:30 Warning: Warning (512): <span style = "color:Red;text-align:left"><b>SQL Error:</b> 1: Can't create/write to file '/a1.sql' (Errcode: 13)</span> in [CORE/cake/libs/model/datasources/dbo_source.php, line 525]
2009-05-27 13:59:56 Warning: Warning (512): <span style = "color:Red;text-align:left"><b>SQL Error:</b> 1: Can't create/write to file '/insurance/a1.sql' (Errcode: 2)</span> in [CORE/cake/libs/model/datasources/dbo_source.php, line 525]
2009-05-27 14:00:20 Warning: Warning (512): <span style = "color:Red;text-align:left"><b>SQL Error:</b> 1: Can't create/write to file '/insurance/app/tmp/a1.sql' (Errcode: 2)</span> in [CORE/cake/libs/model/datasources/dbo_source.php, line 525]
2009-05-27 14:00:58 Warning: Warning (512): <span style = "color:Red;text-align:left"><b>SQL Error:</b> 1: Can't create/write to file '/insurance/app/tmp/a1.sql' (Errcode: 2)</span> in [CORE/cake/libs/model/datasources/dbo_source.php, line 525]
2009-05-27 14:05:13 Warning: Warning (512): <span style = "color:Red;text-align:left"><b>SQL Error:</b> 1: Can't create/write to file '/insurance/a1.sql' (Errcode: 2)</span> in [CORE/cake/libs/model/datasources/dbo_source.php, line 525]
2009-05-27 14:05:25 Warning: Warning (512): <span style = "color:Red;text-align:left"><b>SQL Error:</b> 1: Can't create/write to file '/insurance/a1.sql' (Errcode: 2)</span> in [CORE/cake/libs/model/datasources/dbo_source.php, line 525]
2009-05-27 14:05:40 Warning: Warning (512): <span style = "color:Red;text-align:left"><b>SQL Error:</b> 1086: File 'a1.sql' already exists</span> in [CORE/cake/libs/model/datasources/dbo_source.php, line 525]
2009-05-27 14:08:02 Warning: Warning (512): <span style = "color:Red;text-align:left"><b>SQL Error:</b> 1: Can't create/write to file '/var/lib/mysql/app/a1.sql' (Errcode: 2)</span> in [CORE/cake/libs/model/datasources/dbo_source.php, line 525]
2009-05-27 14:09:29 Warning: Warning (2): fopen(testFile.txt) [<a href='http://php.net/function.fopen'>function.fopen</a>]: failed to open stream: Permission denied in [APP/controllers/contracts_controller.php, line 100]
2009-05-27 14:09:54 Warning: Warning (2): fopen(/insurance/testFile.txt) [<a href='http://php.net/function.fopen'>function.fopen</a>]: failed to open stream: No such file or directory in [APP/controllers/contracts_controller.php, line 100]
2009-05-27 14:10:05 Warning: Warning (2): fopen(/insurance/app/tmp/testFile.txt) [<a href='http://php.net/function.fopen'>function.fopen</a>]: failed to open stream: No such file or directory in [APP/controllers/contracts_controller.php, line 100]
2009-05-27 14:22:34 Warning: Warning (512): <span style = "color:Red;text-align:left"><b>SQL Error:</b> 1: Can't create/write to file '/var/www/insurance/app/tmp/table1.sql' (Errcode: 13)</span> in [CORE/cake/libs/model/datasources/dbo_source.php, line 525]
2009-05-27 14:29:25 Warning: Warning (512): <span style = "color:Red;text-align:left"><b>SQL Error:</b> 1: Can't create/write to file '/var/www/insurance/app/tmp/table1.sql' (Errcode: 13)</span> in [CORE/cake/libs/model/datasources/dbo_source.php, line 525]
2009-05-27 14:29:26 Warning: Warning (512): <span style = "color:Red;text-align:left"><b>SQL Error:</b> 1: Can't create/write to file '/var/www/insurance/app/tmp/table1.sql' (Errcode: 13)</span> in [CORE/cake/libs/model/datasources/dbo_source.php, line 525]
2009-05-27 14:30:06 Warning: Warning (512): <span style = "color:Red;text-align:left"><b>SQL Error:</b> 1086: File '/var/www/insurance/app/tmp/table1.sql' already exists</span> in [CORE/cake/libs/model/datasources/dbo_source.php, line 525]
2009-05-27 14:34:23 Warning: Warning (512): <span style = "color:Red;text-align:left"><b>SQL Error:</b> 1086: File '/var/www/insurance/app/tmp/table1.sql' already exists</span> in [CORE/cake/libs/model/datasources/dbo_source.php, line 525]
2009-05-29 18:37:55 Warning: Warning (512): <span style = "color:Red;text-align:left"><b>SQL Error:</b> 1045: Access denied for user 'usr_insurance'@'localhost' (using password: YES)</span> in [CORE/cake/libs/model/datasources/dbo_source.php, line 525]
2009-05-29 18:37:55 Warning: Warning (512): <span style = "color:Red;text-align:left"><b>SQL Error:</b> 1045: Access denied for user 'usr_insurance'@'localhost' (using password: YES)</span> in [CORE/cake/libs/model/datasources/dbo_source.php, line 525]
2009-05-29 18:56:57 Warning: Warning (2): Cannot modify header information - headers already sent by (output started at /var/www/insurance/app/controllers/contracts_controller.php:104) in [APP/controllers/contracts_controller.php, line 106]
2009-05-30 00:57:40 Warning: Warning (2): Missing argument 1 for CompaniesController::getFromId(), called in /var/www/insurance/cake/libs/object.php on line 115 and defined in [APP/controllers/companies_controller.php, line 15]
2009-05-30 00:57:40 Warning: Warning (2): Missing argument 1 for CompaniesController::getFromId(), called in /var/www/insurance/cake/libs/object.php on line 115 and defined in [APP/controllers/companies_controller.php, line 15]
2009-05-30 01:11:53 Warning: Warning (2): Missing argument 1 for ContractsController::edit(), called in /var/www/insurance/cake/libs/object.php on line 115 and defined in [APP/controllers/contracts_controller.php, line 36]
2009-05-30 01:11:53 Warning: Warning (512): <span style = "color:Red;text-align:left"><b>SQL Error:</b> 1048: Column 'amount' cannot be null</span> in [CORE/cake/libs/model/datasources/dbo_source.php, line 525]
2009-05-30 01:11:53 Warning: Warning (2): Cannot modify header information - headers already sent by (output started at /var/www/insurance/cake/basics.php:111) in [CORE/cake/libs/controller/controller.php, line 640]
2009-05-30 01:11:57 Warning: Warning (2): Missing argument 1 for ContractsController::edit(), called in /var/www/insurance/cake/libs/object.php on line 115 and defined in [APP/controllers/contracts_controller.php, line 36]
2009-05-30 01:11:57 Warning: Warning (512): <span style = "color:Red;text-align:left"><b>SQL Error:</b> 1048: Column 'amount' cannot be null</span> in [CORE/cake/libs/model/datasources/dbo_source.php, line 525]
2009-05-30 01:11:57 Warning: Warning (2): Cannot modify header information - headers already sent by (output started at /var/www/insurance/cake/basics.php:111) in [CORE/cake/libs/controller/controller.php, line 640]
2009-05-30 01:17:00 Warning: Warning (512): <span style = "color:Red;text-align:left"><b>SQL Error:</b> 1064: You have an error in your SQL syntax; check the manual that corresponds to your MySQL server version for the right syntax to use near 'searc' at line 1</span> in [CORE/cake/libs/model/datasources/dbo_source.php, line 525]
2009-05-30 01:17:10 Warning: Warning (512): <span style = "color:Red;text-align:left"><b>SQL Error:</b> 1064: You have an error in your SQL syntax; check the manual that corresponds to your MySQL server version for the right syntax to use near 'searc' at line 1</span> in [CORE/cake/libs/model/datasources/dbo_source.php, line 525]
2009-05-30 01:17:24 Warning: Warning (512): <span style = "color:Red;text-align:left"><b>SQL Error:</b> 1064: You have an error in your SQL syntax; check the manual that corresponds to your MySQL server version for the right syntax to use near 'search' at line 1</span> in [CORE/cake/libs/model/datasources/dbo_source.php, line 525]
2009-05-30 01:19:35 Warning: Warning (512): <span style = "color:Red;text-align:left"><b>SQL Error:</b> 1054: Unknown column 'Contract' in 'where clause'</span> in [CORE/cake/libs/model/datasources/dbo_source.php, line 525]
2009-05-30 01:30:52 Warning: Warning (512): <span style = "color:Red;text-align:left"><b>SQL Error:</b> 1054: Unknown column 'Contract.fistName' in 'order clause'</span> in [CORE/cake/libs/model/datasources/dbo_source.php, line 525]
2009-05-30 01:30:52 Warning: Warning (2): Invalid argument supplied for foreach() in [APP/views/elements/contractsList.ctp, line 2]
2009-05-30 01:30:52 Warning: Warning (512): <span style = "color:Red;text-align:left"><b>SQL Error:</b> 1054: Unknown column 'Contract.fistName' in 'order clause'</span> in [CORE/cake/libs/model/datasources/dbo_source.php, line 525]
2009-05-30 01:30:52 Warning: Warning (2): Invalid argument supplied for foreach() in [APP/views/elements/contractsList.ctp, line 2]
